#
# A fatal error has been detected by the Java Runtime Environment:
#
#  EXCEPTION_ACCESS_VIOLATION (0xc0000005) at pc=0x00007ffa9c43161e, pid=37660, tid=33344
#
# JRE version: OpenJDK Runtime Environment Temurin-17.0.10+7 (17.0.10+7) (build 17.0.10+7)
# Java VM: OpenJDK 64-Bit Server VM Temurin-17.0.10+7 (17.0.10+7, mixed mode, tiered, compressed oops, compressed class ptrs, g1 gc, windows-amd64)
# Problematic frame:
# C  [lwjgl_stb.dll+0x4161e]
#
# No core dump will be written. Minidumps are not enabled by default on client versions of Windows
#
# If you would like to submit a bug report, please visit:
#   https://github.com/adoptium/adoptium-support/issues
# The crash happened outside the Java Virtual Machine in native code.
# See problematic frame for where to report the bug.
#

---------------  S U M M A R Y ------------

Command Line: -Djava.library.path=C:/java_workspace/HelloLWJGLProject/bin/libs -Dfile.encoding=UTF-8 -Dstdout.encoding=UTF-8 -Dstderr.encoding=UTF-8 -XX:+ShowCodeDetailsInExceptionMessages ShootingGame

Host: 12th Gen Intel(R) Core(TM) i7-12700K, 20 cores, 31G,  Windows 11 , 64 bit Build 22621 (10.0.22621.4391)
Time: Sun Dec  1 03:23:33 2024  Windows 11 , 64 bit Build 22621 (10.0.22621.4391) elapsed time: 0.320883 seconds (0d 0h 0m 0s)

---------------  T H R E A D  ---------------

Current thread (0x0000029f88623820):  JavaThread "main" [_thread_in_native, id=33344, stack(0x000000f9cb700000,0x000000f9cb800000)]

Stack: [0x000000f9cb700000,0x000000f9cb800000],  sp=0x000000f9cb7ff4d0,  free space=1021k
Native frames: (J=compiled Java code, j=interpreted, Vv=VM code, C=native code)
C  [lwjgl_stb.dll+0x4161e]

Java frames: (J=compiled Java code, j=interpreted, Vv=VM code)
j  org.lwjgl.stb.STBTruetype.nstbtt_InitFont(JJI)I+0
j  org.lwjgl.stb.STBTruetype.stbtt_InitFont(Lorg/lwjgl/stb/STBTTFontinfo;Ljava/nio/ByteBuffer;)Z+9
j  ShootingGame.loadFont(Ljava/lang/String;I)V+82
j  ShootingGame.init()V+162
j  ShootingGame.run()V+1
j  ShootingGame.main([Ljava/lang/String;)V+7
v  ~StubRoutines::call_stub

siginfo: EXCEPTION_ACCESS_VIOLATION (0xc0000005), reading address 0x0000000000000014


Registers:
RAX=0x00007ffa9c4399f0, RBX=0x0000000000000000, RCX=0x0000029fba7d1fd0, RDX=0x0000000000000010
RSP=0x000000f9cb7ff4d0, RBP=0x000000f9cb7ff640, RSI=0x0000029fba7d1fd0, RDI=0x0000000000000010
R8 =0x0000000000000000, R9 =0x0000000000000010, R10=0x0000029f9313d5f2, R11=0x0000000622fb0dc8
R12=0x0000000000000000, R13=0x0000000000000000, R14=0x000000f9cb7ff680, R15=0x0000029f88623820
RIP=0x00007ffa9c43161e, EFLAGS=0x0000000000010202


Register to memory mapping:

RIP=0x00007ffa9c43161e lwjgl_stb.dll
RAX=0x00007ffa9c4399f0 lwjgl_stb.dll
RBX=0x0 is NULL
RCX=0x0000029fba7d1fd0 points into unknown readable memory: 0x0000000000000000 | 00 00 00 00 00 00 00 00
RDX=0x0000000000000010 is an unknown value
RSP=0x000000f9cb7ff4d0 is pointing into the stack for thread: 0x0000029f88623820
RBP=0x000000f9cb7ff640 is pointing into the stack for thread: 0x0000029f88623820
RSI=0x0000029fba7d1fd0 points into unknown readable memory: 0x0000000000000000 | 00 00 00 00 00 00 00 00
RDI=0x0000000000000010 is an unknown value
R8 =0x0 is NULL
R9 =0x0000000000000010 is an unknown value
R10=0x0000029f9313d5f2 is at code_begin+946 in an Interpreter codelet
method entry point (kind = native)  [0x0000029f9313d240, 0x0000029f9313dbc0]  2432 bytes
R11=0x0000000622fb0dc8 is an oop: java.lang.Class 
{0x0000000622fb0dc8} - klass: 'java/lang/Class'
 - ---- fields (total size 41 words):
 - private volatile transient 'classRedefinedCount' 'I' @12  0
 - private volatile transient 'cachedConstructor' 'Ljava/lang/reflect/Constructor;' @40  NULL (0)
 - private transient 'name' 'Ljava/lang/String;' @44  "org.lwjgl.stb.STBTruetype"{0x0000000622fb0f20} (c45f61e4)
 - private transient 'module' 'Ljava/lang/Module;' @48  a 'java/lang/Module'{0x00000006230f81b8} (c461f037)
 - private final 'classLoader' 'Ljava/lang/ClassLoader;' @52  a 'jdk/internal/loader/ClassLoaders$AppClassLoader'{0x00000006230f7ff8} (c461efff)
 - private transient 'classData' 'Ljava/lang/Object;' @56  NULL (0)
 - private transient 'packageName' 'Ljava/lang/String;' @60  "org.lwjgl.stb"{0x0000000622f6f7f0} (c45edefe)
 - private final 'componentType' 'Ljava/lang/Class;' @64  NULL (0)
 - private volatile transient 'reflectionData' 'Ljava/lang/ref/SoftReference;' @68  NULL (0)
 - private volatile transient 'genericInfo' 'Lsun/reflect/generics/repository/ClassRepository;' @72  NULL (0)
 - private volatile transient 'enumConstants' '[Ljava/lang/Object;' @76  NULL (0)
 - private volatile transient 'enumConstantDirectory' 'Ljava/util/Map;' @80  NULL (0)
 - private volatile transient 'annotationData' 'Ljava/lang/Class$AnnotationData;' @84  NULL (0)
 - private volatile transient 'annotationType' 'Lsun/reflect/annotation/AnnotationType;' @88  NULL (0)
 - transient 'classValueMap' 'Ljava/lang/ClassValue$ClassValueMap;' @92  NULL (0)
 - signature: Lorg/lwjgl/stb/STBTruetype;
 - fake entry for mirror: 'org/lwjgl/stb/STBTruetype'
 - fake entry for array: NULL
 - fake entry for oop_size: 41
 - fake entry for static_oop_field_count: 0
 - public static final 'STBTT_vmove' 'B' @320  1
 - public static final 'STBTT_vline' 'B' @321  2
 - public static final 'STBTT_vcurve' 'B' @322  3
 - public static final 'STBTT_vcubic' 'B' @323  4
 - public static final 'STBTT_MACSTYLE_DONTCARE' 'I' @112  0
 - public static final 'STBTT_MACSTYLE_BOLD' 'I' @116  1
 - public static final 'STBTT_MACSTYLE_ITALIC' 'I' @120  2
 - public static final 'STBTT_MACSTYLE_UNDERSCORE' 'I' @124  4
 - public static final 'STBTT_MACSTYLE_NONE' 'I' @128  8
 - public static final 'STBTT_PLATFORM_ID_UNICODE' 'I' @132  0
 - public static final 'STBTT_PLATFORM_ID_MAC' 'I' @136  1
 - public static final 'STBTT_PLATFORM_ID_ISO' 'I' @140  2
 - public static final 'STBTT_PLATFORM_ID_MICROSOFT' 'I' @144  3
 - public static final 'STBTT_UNICODE_EID_UNICODE_1_0' 'I' @148  0
 - public static final 'STBTT_UNICODE_EID_UNICODE_1_1' 'I' @152  1
 - public static final 'STBTT_UNICODE_EID_ISO_10646' 'I' @156  2
 - public static final 'STBTT_UNICODE_EID_UNICODE_2_0_BMP' 'I' @160  3
 - public static final 'STBTT_UNICODE_EID_UNICODE_2_0_FULL' 'I' @164  4
 - public static final 'STBTT_MS_EID_SYMBOL' 'I' @168  0
 - public static final 'STBTT_MS_EID_UNICODE_BMP' 'I' @172  1
 - public static final 'STBTT_MS_EID_SHIFTJIS' 'I' @176  2
 - public static final 'STBTT_MS_EID_UNICODE_FULL' 'I' @180  10 (a)
 - public static final 'STBTT_MAC_EID_ROMAN' 'I' @184  0
 - public static final 'STBTT_MAC_EID_JAPANESE' 'I' @188  1
 - public static final 'STBTT_MAC_EID_CHINESE_TRAD' 'I' @192  2
 - public static final 'STBTT_MAC_EID_KOREAN' 'I' @196  3
 - public static final 'STBTT_MAC_EID_ARABIC' 'I' @200  4
 - public static final 'STBTT_MAC_EID_HEBREW' 'I' @204  5
 - public static final 'STBTT_MAC_EID_GREEK' 'I' @208  6
 - public static final 'STBTT_MAC_EID_RUSSIAN' 'I' @212  7
 - public static final 'STBTT_MS_LANG_ENGLISH' 'I' @216  1033 (409)
 - public static final 'STBTT_MS_LANG_CHINESE' 'I' @220  2052 (804)
 - public static final 'STBTT_MS_LANG_DUTCH' 'I' @224  1043 (413)
 - public static final 'STBTT_MS_LANG_FRENCH' 'I' @228  1036 (40c)
 - public static final 'STBTT_MS_LANG_GERMAN' 'I' @232  1031 (407)
 - public static final 'STBTT_MS_LANG_HEBREW' 'I' @236  1037 (40d)
 - public static final 'STBTT_MS_LANG_ITALIAN' 'I' @240  1040 (410)
 - public static final 'STBTT_MS_LANG_JAPANESE' 'I' @244  1041 (411)
 - public static final 'STBTT_MS_LANG_KOREAN' 'I' @248  1042 (412)
 - public static final 'STBTT_MS_LANG_RUSSIAN' 'I' @252  1049 (419)
 - public static final 'STBTT_MS_LANG_SPANISH' 'I' @256  1033 (409)
 - public static final 'STBTT_MS_LANG_SWEDISH' 'I' @260  1053 (41d)
 - public static final 'STBTT_MAC_LANG_ENGLISH' 'I' @264  0
 - public static final 'STBTT_MAC_LANG_ARABIC' 'I' @268  12 (c)
 - public static final 'STBTT_MAC_LANG_DUTCH' 'I' @272  4
 - public static final 'STBTT_MAC_LANG_FRENCH' 'I' @276  1
 - public static final 'STBTT_MAC_LANG_GERMAN' 'I' @280  2
 - public static final 'STBTT_MAC_LANG_HEBREW' 'I' @284  10 (a)
 - public static final 'STBTT_MAC_LANG_ITALIAN' 'I' @288  3
 - public static final 'STBTT_MAC_LANG_JAPANESE' 'I' @292  11 (b)
 - public static final 'STBTT_MAC_LANG_KOREAN' 'I' @296  23 (17)
 - public static final 'STBTT_MAC_LANG_RUSSIAN' 'I' @300  32 (20)
 - public static final 'STBTT_MAC_LANG_SPANISH' 'I' @304  6
 - public static final 'STBTT_MAC_LANG_SWEDISH' 'I' @308  5
 - public static final 'STBTT_MAC_LANG_CHINESE_SIMPLIFIED' 'I' @312  33 (21)
 - public static final 'STBTT_MAC_LANG_CHINESE_TRAD' 'I' @316  19 (13)
R12=0x0 is NULL
R13=0x0 is NULL
R14=0x000000f9cb7ff680 is pointing into the stack for thread: 0x0000029f88623820
R15=0x0000029f88623820 is a thread


Top of Stack: (sp=0x000000f9cb7ff4d0)
0x000000f9cb7ff4d0:   000000f9cb7ff778 0000029f88623820
0x000000f9cb7ff4e0:   0000000000000010 00000000000000b8
0x000000f9cb7ff4f0:   0000702689146475 0000000000000010
0x000000f9cb7ff500:   0000029f88623820 000000f9cb7ff680
0x000000f9cb7ff510:   0000000000000000 0000000000000010
0x000000f9cb7ff520:   0000000000000010 0000029fb28f79b0
0x000000f9cb7ff530:   000000f9cb7ff640 00007ffa694359a2
0x000000f9cb7ff540:   0000000000015775 0000000000000010
0x000000f9cb7ff550:   0000029f88623820 0000029f88623820
0x000000f9cb7ff560:   0000029fb28f79b0 0000029fb28f79b0
0x000000f9cb7ff570:   000000f9cb7ff640 0000000000000010
0x000000f9cb7ff580:   0000000000000010 0000000000000000
0x000000f9cb7ff590:   0000029fb28f79b0 000000f9cb7ff680
0x000000f9cb7ff5a0:   0000029f88623820 0000029f9313d621
0x000000f9cb7ff5b0:   0000029fb28f79b0 000000f9cb7ff600
0x000000f9cb7ff5c0:   0000000000000010 0000029f9313d352
0x000000f9cb7ff5d0:   0000029f00000000 0000000000000010
0x000000f9cb7ff5e0:   3ff0000000000000 0000029f88623820
0x000000f9cb7ff5f0:   0000029f9313d2f6 000000f9cb7ff5f8
0x000000f9cb7ff600:   0000029fb28f79b0 000000f9cb7ff680
0x000000f9cb7ff610:   0000029fb2900000 0000000000000000
0x000000f9cb7ff620:   0000000622fb0dc8 0000029fb28f79b0
0x000000f9cb7ff630:   0000000000000000 000000f9cb7ff660
0x000000f9cb7ff640:   000000f9cb7ff6d0 0000029f93139612
0x000000f9cb7ff650:   0000000622fb0dc8 0000029f9313af76
0x000000f9cb7ff660:   0000000000000000 0000000000000010
0x000000f9cb7ff670:   0000000000000000 0000029fba7d1fd0
0x000000f9cb7ff680:   0000000000000000 000000f9cb7ff688
0x000000f9cb7ff690:   0000029fb28f7b71 000000f9cb7ff6e8
0x000000f9cb7ff6a0:   0000029fb2900000 0000000000000000
0x000000f9cb7ff6b0:   0000000622fb0dc8 0000029fb28f7bb0
0x000000f9cb7ff6c0:   000000f9cb7ff660 000000f9cb7ff6e0 

Instructions: (pc=0x00007ffa9c43161e)
0x00007ffa9c43151e:   fe fc ff ff 85 ff 0f 84 f6 fc ff ff 66 0f 70 c8
0x00007ffa9c43152e:   55 66 0f 7e 4c 24 48 66 0f 7e 44 24 40 f3 44 0f
0x00007ffa9c43153e:   11 4c 24 28 f3 44 0f 11 4c 24 20 c7 44 24 50 01
0x00007ffa9c43154e:   00 00 00 c7 44 24 38 00 00 00 00 c7 44 24 30 00
0x00007ffa9c43155e:   00 00 00 48 8d 8c 24 80 00 00 00 0f 28 ce 49 89
0x00007ffa9c43156e:   f0 44 8b 4c 24 74 e8 57 24 00 00 e9 a2 fc ff ff
0x00007ffa9c43157e:   bd ff ff ff ff eb 13 bd 01 00 00 00 eb 0c 48 8b
0x00007ffa9c43158e:   84 24 98 00 00 00 f7 d8 89 c5 89 e8 0f 28 b4 24
0x00007ffa9c43159e:   60 01 00 00 0f 28 bc 24 70 01 00 00 44 0f 28 84
0x00007ffa9c4315ae:   24 80 01 00 00 44 0f 28 8c 24 90 01 00 00 44 0f
0x00007ffa9c4315be:   28 94 24 a0 01 00 00 44 0f 28 9c 24 b0 01 00 00
0x00007ffa9c4315ce:   44 0f 28 a4 24 c0 01 00 00 48 81 c4 d8 01 00 00
0x00007ffa9c4315de:   5b 5d 5f 5e 41 5c 41 5d 41 5e 41 5f c3 cc cc cc
0x00007ffa9c4315ee:   cc cc 41 57 41 56 41 55 41 54 56 57 55 53 48 81
0x00007ffa9c4315fe:   ec 98 00 00 00 44 89 c3 48 89 d7 48 89 ce 48 89
0x00007ffa9c43160e:   51 08 44 89 41 10 45 89 c5 0f 57 c0 0f 11 41 40
0x00007ffa9c43161e:   42 0f b7 4c 2a 04 66 c1 c1 08 83 c3 0c 45 31 ff
0x00007ffa9c43162e:   41 bc 00 00 00 00 b8 00 00 00 00 66 85 c9 0f 84
0x00007ffa9c43163e:   7d 00 00 00 0f b7 c1 89 d9 48 89 c2 eb 0c 0f 1f
0x00007ffa9c43164e:   40 00 83 c1 10 48 ff ca 74 27 89 c9 80 3c 0f 63
0x00007ffa9c43165e:   75 f0 80 7c 0f 01 6d 75 e9 80 7c 0f 02 61 75 e2
0x00007ffa9c43166e:   80 7c 0f 03 70 75 db 44 8b 64 0f 08 41 0f cc eb
0x00007ffa9c43167e:   03 45 31 e4 89 d9 eb 12 66 2e 0f 1f 84 00 00 00
0x00007ffa9c43168e:   00 00 83 c1 10 48 ff c8 74 25 89 c9 80 3c 0f 6c
0x00007ffa9c43169e:   75 f0 80 7c 0f 01 6f 75 e9 80 7c 0f 02 63 75 e2
0x00007ffa9c4316ae:   80 7c 0f 03 61 75 db 8b 44 0f 08 0f c8 eb 02 31
0x00007ffa9c4316be:   c0 89 46 18 42 0f b7 4c 2f 04 66 c1 c1 08 66 85
0x00007ffa9c4316ce:   c9 74 3c 0f b7 c9 89 da eb 10 0f 1f 84 00 00 00
0x00007ffa9c4316de:   00 00 83 c2 10 48 ff c9 74 25 89 d2 80 3c 17 68
0x00007ffa9c4316ee:   75 f0 80 7c 17 01 65 75 e9 80 7c 17 02 61 75 e2
0x00007ffa9c4316fe:   80 7c 17 03 64 75 db 44 8b 7c 17 08 41 0f cf 44
0x00007ffa9c43170e:   89 7e 1c 46 0f b7 44 2f 04 66 41 c1 c0 08 31 c9 


Stack slot to memory mapping:
stack at sp + 0 slots: 0x000000f9cb7ff778 is pointing into the stack for thread: 0x0000029f88623820
stack at sp + 1 slots: 0x0000029f88623820 is a thread
stack at sp + 2 slots: 0x0000000000000010 is an unknown value
stack at sp + 3 slots: 0x00000000000000b8 is an unknown value
stack at sp + 4 slots: 0x0000702689146475 is an unknown value
stack at sp + 5 slots: 0x0000000000000010 is an unknown value
stack at sp + 6 slots: 0x0000029f88623820 is a thread
stack at sp + 7 slots: 0x000000f9cb7ff680 is pointing into the stack for thread: 0x0000029f88623820


---------------  P R O C E S S  ---------------

Threads class SMR info:
_java_thread_list=0x0000029fba7fbec0, length=13, elements={
0x0000029f88623820, 0x0000029fb19a28e0, 0x0000029fb19a5980, 0x0000029fb19debe0,
0x0000029fb19df4b0, 0x0000029fb19dff90, 0x0000029fb1a131d0, 0x0000029fb1a1f6f0,
0x0000029fb1a20000, 0x0000029fb1a330e0, 0x0000029fb1b9d5d0, 0x0000029fb1ba7f40,
0x0000029fb1bac890
}

Java Threads: ( => current thread )
=>0x0000029f88623820 JavaThread "main" [_thread_in_native, id=33344, stack(0x000000f9cb700000,0x000000f9cb800000)]
  0x0000029fb19a28e0 JavaThread "Reference Handler" daemon [_thread_blocked, id=10544, stack(0x000000f9cbe00000,0x000000f9cbf00000)]
  0x0000029fb19a5980 JavaThread "Finalizer" daemon [_thread_blocked, id=25348, stack(0x000000f9cbf00000,0x000000f9cc000000)]
  0x0000029fb19debe0 JavaThread "Signal Dispatcher" daemon [_thread_blocked, id=6616, stack(0x000000f9cc000000,0x000000f9cc100000)]
  0x0000029fb19df4b0 JavaThread "Attach Listener" daemon [_thread_blocked, id=17696, stack(0x000000f9cc100000,0x000000f9cc200000)]
  0x0000029fb19dff90 JavaThread "Service Thread" daemon [_thread_blocked, id=43884, stack(0x000000f9cc200000,0x000000f9cc300000)]
  0x0000029fb1a131d0 JavaThread "Monitor Deflation Thread" daemon [_thread_blocked, id=36968, stack(0x000000f9cc300000,0x000000f9cc400000)]
  0x0000029fb1a1f6f0 JavaThread "C2 CompilerThread0" daemon [_thread_blocked, id=40896, stack(0x000000f9cc400000,0x000000f9cc500000)]
  0x0000029fb1a20000 JavaThread "C1 CompilerThread0" daemon [_thread_blocked, id=37792, stack(0x000000f9cc500000,0x000000f9cc600000)]
  0x0000029fb1a330e0 JavaThread "Sweeper thread" daemon [_thread_blocked, id=48384, stack(0x000000f9cc600000,0x000000f9cc700000)]
  0x0000029fb1b9d5d0 JavaThread "C1 CompilerThread1" daemon [_thread_blocked, id=45840, stack(0x000000f9cc700000,0x000000f9cc800000)]
  0x0000029fb1ba7f40 JavaThread "Notification Thread" daemon [_thread_blocked, id=45156, stack(0x000000f9cc800000,0x000000f9cc900000)]
  0x0000029fb1bac890 JavaThread "Common-Cleaner" daemon [_thread_blocked, id=10628, stack(0x000000f9cca00000,0x000000f9ccb00000)]

Other Threads:
  0x0000029fae8dec40 VMThread "VM Thread" [stack: 0x000000f9cbd00000,0x000000f9cbe00000] [id=45828]
  0x0000029fb1baa430 WatcherThread [stack: 0x000000f9cc900000,0x000000f9cca00000] [id=33804]
  0x0000029fae6e10f0 GCTaskThread "GC Thread#0" [stack: 0x000000f9cb800000,0x000000f9cb900000] [id=40624]
  0x0000029fae6f1da0 ConcurrentGCThread "G1 Main Marker" [stack: 0x000000f9cb900000,0x000000f9cba00000] [id=45008]
  0x0000029fae6f2f60 ConcurrentGCThread "G1 Conc#0" [stack: 0x000000f9cba00000,0x000000f9cbb00000] [id=9456]
  0x0000029fae7ed2c0 ConcurrentGCThread "G1 Refine#0" [stack: 0x000000f9cbb00000,0x000000f9cbc00000] [id=48856]
  0x0000029fae7edcf0 ConcurrentGCThread "G1 Service" [stack: 0x000000f9cbc00000,0x000000f9cbd00000] [id=48932]

Threads with active compile tasks:

VM state: not at safepoint (normal execution)

VM Mutex/Monitor currently owned by a thread: None

Heap address: 0x0000000603400000, size: 8140 MB, Compressed Oops mode: Zero based, Oop shift amount: 3

CDS archive(s) not mapped
Compressed class space mapped at: 0x0000000800000000-0x0000000840000000, reserved size: 1073741824
Narrow klass base: 0x0000000800000000, Narrow klass shift: 0, Narrow klass range: 0x40000000

GC Precious Log:
 CPUs: 20 total, 20 available
 Memory: 32555M
 Large Page Support: Disabled
 NUMA Support: Disabled
 Compressed Oops: Enabled (Zero based)
 Heap Region Size: 4M
 Heap Min Capacity: 8M
 Heap Initial Capacity: 512M
 Heap Max Capacity: 8140M
 Pre-touch: Disabled
 Parallel Workers: 15
 Concurrent Workers: 4
 Concurrent Refinement Workers: 15
 Periodic GC: Disabled

Heap:
 garbage-first heap   total 524288K, used 4096K [0x0000000603400000, 0x0000000800000000)
  region size 4096K, 3 young (12288K), 0 survivors (0K)
 Metaspace       used 9823K, committed 10048K, reserved 1114112K
  class space    used 748K, committed 832K, reserved 1048576K

Heap Regions: E=young(eden), S=young(survivor), O=old, HS=humongous(starts), HC=humongous(continues), CS=collection set, F=free, OA=open archive, CA=closed archive, TAMS=top-at-mark-start (previous, next)
|   0|0x0000000603400000, 0x0000000603400000, 0x0000000603800000|  0%| F|  |TAMS 0x0000000603400000, 0x0000000603400000| Untracked 
|   1|0x0000000603800000, 0x0000000603800000, 0x0000000603c00000|  0%| F|  |TAMS 0x0000000603800000, 0x0000000603800000| Untracked 
|   2|0x0000000603c00000, 0x0000000603c00000, 0x0000000604000000|  0%| F|  |TAMS 0x0000000603c00000, 0x0000000603c00000| Untracked 
|   3|0x0000000604000000, 0x0000000604000000, 0x0000000604400000|  0%| F|  |TAMS 0x0000000604000000, 0x0000000604000000| Untracked 
|   4|0x0000000604400000, 0x0000000604400000, 0x0000000604800000|  0%| F|  |TAMS 0x0000000604400000, 0x0000000604400000| Untracked 
|   5|0x0000000604800000, 0x0000000604800000, 0x0000000604c00000|  0%| F|  |TAMS 0x0000000604800000, 0x0000000604800000| Untracked 
|   6|0x0000000604c00000, 0x0000000604c00000, 0x0000000605000000|  0%| F|  |TAMS 0x0000000604c00000, 0x0000000604c00000| Untracked 
|   7|0x0000000605000000, 0x0000000605000000, 0x0000000605400000|  0%| F|  |TAMS 0x0000000605000000, 0x0000000605000000| Untracked 
|   8|0x0000000605400000, 0x0000000605400000, 0x0000000605800000|  0%| F|  |TAMS 0x0000000605400000, 0x0000000605400000| Untracked 
|   9|0x0000000605800000, 0x0000000605800000, 0x0000000605c00000|  0%| F|  |TAMS 0x0000000605800000, 0x0000000605800000| Untracked 
|  10|0x0000000605c00000, 0x0000000605c00000, 0x0000000606000000|  0%| F|  |TAMS 0x0000000605c00000, 0x0000000605c00000| Untracked 
|  11|0x0000000606000000, 0x0000000606000000, 0x0000000606400000|  0%| F|  |TAMS 0x0000000606000000, 0x0000000606000000| Untracked 
|  12|0x0000000606400000, 0x0000000606400000, 0x0000000606800000|  0%| F|  |TAMS 0x0000000606400000, 0x0000000606400000| Untracked 
|  13|0x0000000606800000, 0x0000000606800000, 0x0000000606c00000|  0%| F|  |TAMS 0x0000000606800000, 0x0000000606800000| Untracked 
|  14|0x0000000606c00000, 0x0000000606c00000, 0x0000000607000000|  0%| F|  |TAMS 0x0000000606c00000, 0x0000000606c00000| Untracked 
|  15|0x0000000607000000, 0x0000000607000000, 0x0000000607400000|  0%| F|  |TAMS 0x0000000607000000, 0x0000000607000000| Untracked 
|  16|0x0000000607400000, 0x0000000607400000, 0x0000000607800000|  0%| F|  |TAMS 0x0000000607400000, 0x0000000607400000| Untracked 
|  17|0x0000000607800000, 0x0000000607800000, 0x0000000607c00000|  0%| F|  |TAMS 0x0000000607800000, 0x0000000607800000| Untracked 
|  18|0x0000000607c00000, 0x0000000607c00000, 0x0000000608000000|  0%| F|  |TAMS 0x0000000607c00000, 0x0000000607c00000| Untracked 
|  19|0x0000000608000000, 0x0000000608000000, 0x0000000608400000|  0%| F|  |TAMS 0x0000000608000000, 0x0000000608000000| Untracked 
|  20|0x0000000608400000, 0x0000000608400000, 0x0000000608800000|  0%| F|  |TAMS 0x0000000608400000, 0x0000000608400000| Untracked 
|  21|0x0000000608800000, 0x0000000608800000, 0x0000000608c00000|  0%| F|  |TAMS 0x0000000608800000, 0x0000000608800000| Untracked 
|  22|0x0000000608c00000, 0x0000000608c00000, 0x0000000609000000|  0%| F|  |TAMS 0x0000000608c00000, 0x0000000608c00000| Untracked 
|  23|0x0000000609000000, 0x0000000609000000, 0x0000000609400000|  0%| F|  |TAMS 0x0000000609000000, 0x0000000609000000| Untracked 
|  24|0x0000000609400000, 0x0000000609400000, 0x0000000609800000|  0%| F|  |TAMS 0x0000000609400000, 0x0000000609400000| Untracked 
|  25|0x0000000609800000, 0x0000000609800000, 0x0000000609c00000|  0%| F|  |TAMS 0x0000000609800000, 0x0000000609800000| Untracked 
|  26|0x0000000609c00000, 0x0000000609c00000, 0x000000060a000000|  0%| F|  |TAMS 0x0000000609c00000, 0x0000000609c00000| Untracked 
|  27|0x000000060a000000, 0x000000060a000000, 0x000000060a400000|  0%| F|  |TAMS 0x000000060a000000, 0x000000060a000000| Untracked 
|  28|0x000000060a400000, 0x000000060a400000, 0x000000060a800000|  0%| F|  |TAMS 0x000000060a400000, 0x000000060a400000| Untracked 
|  29|0x000000060a800000, 0x000000060a800000, 0x000000060ac00000|  0%| F|  |TAMS 0x000000060a800000, 0x000000060a800000| Untracked 
|  30|0x000000060ac00000, 0x000000060ac00000, 0x000000060b000000|  0%| F|  |TAMS 0x000000060ac00000, 0x000000060ac00000| Untracked 
|  31|0x000000060b000000, 0x000000060b000000, 0x000000060b400000|  0%| F|  |TAMS 0x000000060b000000, 0x000000060b000000| Untracked 
|  32|0x000000060b400000, 0x000000060b400000, 0x000000060b800000|  0%| F|  |TAMS 0x000000060b400000, 0x000000060b400000| Untracked 
|  33|0x000000060b800000, 0x000000060b800000, 0x000000060bc00000|  0%| F|  |TAMS 0x000000060b800000, 0x000000060b800000| Untracked 
|  34|0x000000060bc00000, 0x000000060bc00000, 0x000000060c000000|  0%| F|  |TAMS 0x000000060bc00000, 0x000000060bc00000| Untracked 
|  35|0x000000060c000000, 0x000000060c000000, 0x000000060c400000|  0%| F|  |TAMS 0x000000060c000000, 0x000000060c000000| Untracked 
|  36|0x000000060c400000, 0x000000060c400000, 0x000000060c800000|  0%| F|  |TAMS 0x000000060c400000, 0x000000060c400000| Untracked 
|  37|0x000000060c800000, 0x000000060c800000, 0x000000060cc00000|  0%| F|  |TAMS 0x000000060c800000, 0x000000060c800000| Untracked 
|  38|0x000000060cc00000, 0x000000060cc00000, 0x000000060d000000|  0%| F|  |TAMS 0x000000060cc00000, 0x000000060cc00000| Untracked 
|  39|0x000000060d000000, 0x000000060d000000, 0x000000060d400000|  0%| F|  |TAMS 0x000000060d000000, 0x000000060d000000| Untracked 
|  40|0x000000060d400000, 0x000000060d400000, 0x000000060d800000|  0%| F|  |TAMS 0x000000060d400000, 0x000000060d400000| Untracked 
|  41|0x000000060d800000, 0x000000060d800000, 0x000000060dc00000|  0%| F|  |TAMS 0x000000060d800000, 0x000000060d800000| Untracked 
|  42|0x000000060dc00000, 0x000000060dc00000, 0x000000060e000000|  0%| F|  |TAMS 0x000000060dc00000, 0x000000060dc00000| Untracked 
|  43|0x000000060e000000, 0x000000060e000000, 0x000000060e400000|  0%| F|  |TAMS 0x000000060e000000, 0x000000060e000000| Untracked 
|  44|0x000000060e400000, 0x000000060e400000, 0x000000060e800000|  0%| F|  |TAMS 0x000000060e400000, 0x000000060e400000| Untracked 
|  45|0x000000060e800000, 0x000000060e800000, 0x000000060ec00000|  0%| F|  |TAMS 0x000000060e800000, 0x000000060e800000| Untracked 
|  46|0x000000060ec00000, 0x000000060ec00000, 0x000000060f000000|  0%| F|  |TAMS 0x000000060ec00000, 0x000000060ec00000| Untracked 
|  47|0x000000060f000000, 0x000000060f000000, 0x000000060f400000|  0%| F|  |TAMS 0x000000060f000000, 0x000000060f000000| Untracked 
|  48|0x000000060f400000, 0x000000060f400000, 0x000000060f800000|  0%| F|  |TAMS 0x000000060f400000, 0x000000060f400000| Untracked 
|  49|0x000000060f800000, 0x000000060f800000, 0x000000060fc00000|  0%| F|  |TAMS 0x000000060f800000, 0x000000060f800000| Untracked 
|  50|0x000000060fc00000, 0x000000060fc00000, 0x0000000610000000|  0%| F|  |TAMS 0x000000060fc00000, 0x000000060fc00000| Untracked 
|  51|0x0000000610000000, 0x0000000610000000, 0x0000000610400000|  0%| F|  |TAMS 0x0000000610000000, 0x0000000610000000| Untracked 
|  52|0x0000000610400000, 0x0000000610400000, 0x0000000610800000|  0%| F|  |TAMS 0x0000000610400000, 0x0000000610400000| Untracked 
|  53|0x0000000610800000, 0x0000000610800000, 0x0000000610c00000|  0%| F|  |TAMS 0x0000000610800000, 0x0000000610800000| Untracked 
|  54|0x0000000610c00000, 0x0000000610c00000, 0x0000000611000000|  0%| F|  |TAMS 0x0000000610c00000, 0x0000000610c00000| Untracked 
|  55|0x0000000611000000, 0x0000000611000000, 0x0000000611400000|  0%| F|  |TAMS 0x0000000611000000, 0x0000000611000000| Untracked 
|  56|0x0000000611400000, 0x0000000611400000, 0x0000000611800000|  0%| F|  |TAMS 0x0000000611400000, 0x0000000611400000| Untracked 
|  57|0x0000000611800000, 0x0000000611800000, 0x0000000611c00000|  0%| F|  |TAMS 0x0000000611800000, 0x0000000611800000| Untracked 
|  58|0x0000000611c00000, 0x0000000611c00000, 0x0000000612000000|  0%| F|  |TAMS 0x0000000611c00000, 0x0000000611c00000| Untracked 
|  59|0x0000000612000000, 0x0000000612000000, 0x0000000612400000|  0%| F|  |TAMS 0x0000000612000000, 0x0000000612000000| Untracked 
|  60|0x0000000612400000, 0x0000000612400000, 0x0000000612800000|  0%| F|  |TAMS 0x0000000612400000, 0x0000000612400000| Untracked 
|  61|0x0000000612800000, 0x0000000612800000, 0x0000000612c00000|  0%| F|  |TAMS 0x0000000612800000, 0x0000000612800000| Untracked 
|  62|0x0000000612c00000, 0x0000000612c00000, 0x0000000613000000|  0%| F|  |TAMS 0x0000000612c00000, 0x0000000612c00000| Untracked 
|  63|0x0000000613000000, 0x0000000613000000, 0x0000000613400000|  0%| F|  |TAMS 0x0000000613000000, 0x0000000613000000| Untracked 
|  64|0x0000000613400000, 0x0000000613400000, 0x0000000613800000|  0%| F|  |TAMS 0x0000000613400000, 0x0000000613400000| Untracked 
|  65|0x0000000613800000, 0x0000000613800000, 0x0000000613c00000|  0%| F|  |TAMS 0x0000000613800000, 0x0000000613800000| Untracked 
|  66|0x0000000613c00000, 0x0000000613c00000, 0x0000000614000000|  0%| F|  |TAMS 0x0000000613c00000, 0x0000000613c00000| Untracked 
|  67|0x0000000614000000, 0x0000000614000000, 0x0000000614400000|  0%| F|  |TAMS 0x0000000614000000, 0x0000000614000000| Untracked 
|  68|0x0000000614400000, 0x0000000614400000, 0x0000000614800000|  0%| F|  |TAMS 0x0000000614400000, 0x0000000614400000| Untracked 
|  69|0x0000000614800000, 0x0000000614800000, 0x0000000614c00000|  0%| F|  |TAMS 0x0000000614800000, 0x0000000614800000| Untracked 
|  70|0x0000000614c00000, 0x0000000614c00000, 0x0000000615000000|  0%| F|  |TAMS 0x0000000614c00000, 0x0000000614c00000| Untracked 
|  71|0x0000000615000000, 0x0000000615000000, 0x0000000615400000|  0%| F|  |TAMS 0x0000000615000000, 0x0000000615000000| Untracked 
|  72|0x0000000615400000, 0x0000000615400000, 0x0000000615800000|  0%| F|  |TAMS 0x0000000615400000, 0x0000000615400000| Untracked 
|  73|0x0000000615800000, 0x0000000615800000, 0x0000000615c00000|  0%| F|  |TAMS 0x0000000615800000, 0x0000000615800000| Untracked 
|  74|0x0000000615c00000, 0x0000000615c00000, 0x0000000616000000|  0%| F|  |TAMS 0x0000000615c00000, 0x0000000615c00000| Untracked 
|  75|0x0000000616000000, 0x0000000616000000, 0x0000000616400000|  0%| F|  |TAMS 0x0000000616000000, 0x0000000616000000| Untracked 
|  76|0x0000000616400000, 0x0000000616400000, 0x0000000616800000|  0%| F|  |TAMS 0x0000000616400000, 0x0000000616400000| Untracked 
|  77|0x0000000616800000, 0x0000000616800000, 0x0000000616c00000|  0%| F|  |TAMS 0x0000000616800000, 0x0000000616800000| Untracked 
|  78|0x0000000616c00000, 0x0000000616c00000, 0x0000000617000000|  0%| F|  |TAMS 0x0000000616c00000, 0x0000000616c00000| Untracked 
|  79|0x0000000617000000, 0x0000000617000000, 0x0000000617400000|  0%| F|  |TAMS 0x0000000617000000, 0x0000000617000000| Untracked 
|  80|0x0000000617400000, 0x0000000617400000, 0x0000000617800000|  0%| F|  |TAMS 0x0000000617400000, 0x0000000617400000| Untracked 
|  81|0x0000000617800000, 0x0000000617800000, 0x0000000617c00000|  0%| F|  |TAMS 0x0000000617800000, 0x0000000617800000| Untracked 
|  82|0x0000000617c00000, 0x0000000617c00000, 0x0000000618000000|  0%| F|  |TAMS 0x0000000617c00000, 0x0000000617c00000| Untracked 
|  83|0x0000000618000000, 0x0000000618000000, 0x0000000618400000|  0%| F|  |TAMS 0x0000000618000000, 0x0000000618000000| Untracked 
|  84|0x0000000618400000, 0x0000000618400000, 0x0000000618800000|  0%| F|  |TAMS 0x0000000618400000, 0x0000000618400000| Untracked 
|  85|0x0000000618800000, 0x0000000618800000, 0x0000000618c00000|  0%| F|  |TAMS 0x0000000618800000, 0x0000000618800000| Untracked 
|  86|0x0000000618c00000, 0x0000000618c00000, 0x0000000619000000|  0%| F|  |TAMS 0x0000000618c00000, 0x0000000618c00000| Untracked 
|  87|0x0000000619000000, 0x0000000619000000, 0x0000000619400000|  0%| F|  |TAMS 0x0000000619000000, 0x0000000619000000| Untracked 
|  88|0x0000000619400000, 0x0000000619400000, 0x0000000619800000|  0%| F|  |TAMS 0x0000000619400000, 0x0000000619400000| Untracked 
|  89|0x0000000619800000, 0x0000000619800000, 0x0000000619c00000|  0%| F|  |TAMS 0x0000000619800000, 0x0000000619800000| Untracked 
|  90|0x0000000619c00000, 0x0000000619c00000, 0x000000061a000000|  0%| F|  |TAMS 0x0000000619c00000, 0x0000000619c00000| Untracked 
|  91|0x000000061a000000, 0x000000061a000000, 0x000000061a400000|  0%| F|  |TAMS 0x000000061a000000, 0x000000061a000000| Untracked 
|  92|0x000000061a400000, 0x000000061a400000, 0x000000061a800000|  0%| F|  |TAMS 0x000000061a400000, 0x000000061a400000| Untracked 
|  93|0x000000061a800000, 0x000000061a800000, 0x000000061ac00000|  0%| F|  |TAMS 0x000000061a800000, 0x000000061a800000| Untracked 
|  94|0x000000061ac00000, 0x000000061ac00000, 0x000000061b000000|  0%| F|  |TAMS 0x000000061ac00000, 0x000000061ac00000| Untracked 
|  95|0x000000061b000000, 0x000000061b000000, 0x000000061b400000|  0%| F|  |TAMS 0x000000061b000000, 0x000000061b000000| Untracked 
|  96|0x000000061b400000, 0x000000061b400000, 0x000000061b800000|  0%| F|  |TAMS 0x000000061b400000, 0x000000061b400000| Untracked 
|  97|0x000000061b800000, 0x000000061b800000, 0x000000061bc00000|  0%| F|  |TAMS 0x000000061b800000, 0x000000061b800000| Untracked 
|  98|0x000000061bc00000, 0x000000061bc00000, 0x000000061c000000|  0%| F|  |TAMS 0x000000061bc00000, 0x000000061bc00000| Untracked 
|  99|0x000000061c000000, 0x000000061c000000, 0x000000061c400000|  0%| F|  |TAMS 0x000000061c000000, 0x000000061c000000| Untracked 
| 100|0x000000061c400000, 0x000000061c400000, 0x000000061c800000|  0%| F|  |TAMS 0x000000061c400000, 0x000000061c400000| Untracked 
| 101|0x000000061c800000, 0x000000061c800000, 0x000000061cc00000|  0%| F|  |TAMS 0x000000061c800000, 0x000000061c800000| Untracked 
| 102|0x000000061cc00000, 0x000000061cc00000, 0x000000061d000000|  0%| F|  |TAMS 0x000000061cc00000, 0x000000061cc00000| Untracked 
| 103|0x000000061d000000, 0x000000061d000000, 0x000000061d400000|  0%| F|  |TAMS 0x000000061d000000, 0x000000061d000000| Untracked 
| 104|0x000000061d400000, 0x000000061d400000, 0x000000061d800000|  0%| F|  |TAMS 0x000000061d400000, 0x000000061d400000| Untracked 
| 105|0x000000061d800000, 0x000000061d800000, 0x000000061dc00000|  0%| F|  |TAMS 0x000000061d800000, 0x000000061d800000| Untracked 
| 106|0x000000061dc00000, 0x000000061dc00000, 0x000000061e000000|  0%| F|  |TAMS 0x000000061dc00000, 0x000000061dc00000| Untracked 
| 107|0x000000061e000000, 0x000000061e000000, 0x000000061e400000|  0%| F|  |TAMS 0x000000061e000000, 0x000000061e000000| Untracked 
| 108|0x000000061e400000, 0x000000061e400000, 0x000000061e800000|  0%| F|  |TAMS 0x000000061e400000, 0x000000061e400000| Untracked 
| 109|0x000000061e800000, 0x000000061e800000, 0x000000061ec00000|  0%| F|  |TAMS 0x000000061e800000, 0x000000061e800000| Untracked 
| 110|0x000000061ec00000, 0x000000061ec00000, 0x000000061f000000|  0%| F|  |TAMS 0x000000061ec00000, 0x000000061ec00000| Untracked 
| 111|0x000000061f000000, 0x000000061f000000, 0x000000061f400000|  0%| F|  |TAMS 0x000000061f000000, 0x000000061f000000| Untracked 
| 112|0x000000061f400000, 0x000000061f400000, 0x000000061f800000|  0%| F|  |TAMS 0x000000061f400000, 0x000000061f400000| Untracked 
| 113|0x000000061f800000, 0x000000061f800000, 0x000000061fc00000|  0%| F|  |TAMS 0x000000061f800000, 0x000000061f800000| Untracked 
| 114|0x000000061fc00000, 0x000000061fc00000, 0x0000000620000000|  0%| F|  |TAMS 0x000000061fc00000, 0x000000061fc00000| Untracked 
| 115|0x0000000620000000, 0x0000000620000000, 0x0000000620400000|  0%| F|  |TAMS 0x0000000620000000, 0x0000000620000000| Untracked 
| 116|0x0000000620400000, 0x0000000620400000, 0x0000000620800000|  0%| F|  |TAMS 0x0000000620400000, 0x0000000620400000| Untracked 
| 117|0x0000000620800000, 0x0000000620800000, 0x0000000620c00000|  0%| F|  |TAMS 0x0000000620800000, 0x0000000620800000| Untracked 
| 118|0x0000000620c00000, 0x0000000620c00000, 0x0000000621000000|  0%| F|  |TAMS 0x0000000620c00000, 0x0000000620c00000| Untracked 
| 119|0x0000000621000000, 0x0000000621000000, 0x0000000621400000|  0%| F|  |TAMS 0x0000000621000000, 0x0000000621000000| Untracked 
| 120|0x0000000621400000, 0x0000000621400000, 0x0000000621800000|  0%| F|  |TAMS 0x0000000621400000, 0x0000000621400000| Untracked 
| 121|0x0000000621800000, 0x0000000621800000, 0x0000000621c00000|  0%| F|  |TAMS 0x0000000621800000, 0x0000000621800000| Untracked 
| 122|0x0000000621c00000, 0x0000000621c00000, 0x0000000622000000|  0%| F|  |TAMS 0x0000000621c00000, 0x0000000621c00000| Untracked 
| 123|0x0000000622000000, 0x0000000622000000, 0x0000000622400000|  0%| F|  |TAMS 0x0000000622000000, 0x0000000622000000| Untracked 
| 124|0x0000000622400000, 0x0000000622400000, 0x0000000622800000|  0%| F|  |TAMS 0x0000000622400000, 0x0000000622400000| Untracked 
| 125|0x0000000622800000, 0x00000006228ff5d8, 0x0000000622c00000| 24%| E|  |TAMS 0x0000000622800000, 0x0000000622800000| Complete 
| 126|0x0000000622c00000, 0x0000000622fd16a8, 0x0000000623000000| 95%| E|  |TAMS 0x0000000622c00000, 0x0000000622c00000| Complete 
| 127|0x0000000623000000, 0x0000000623400000, 0x0000000623400000|100%| E|CS|TAMS 0x0000000623000000, 0x0000000623000000| Complete 

Card table byte_map: [0x0000029f9c790000,0x0000029f9d780000] _byte_map_base: 0x0000029f99776000

Marking Bits (Prev, Next): (CMBitMap*) 0x0000029fae6e1620, (CMBitMap*) 0x0000029fae6e1660
 Prev Bits: [0x0000029f9e770000, 0x0000029fa66a0000)
 Next Bits: [0x0000029fa66a0000, 0x0000029fae5d0000)

Polling page: 0x0000029f86570000

Metaspace:

Usage:
  Non-class:      8.86 MB used.
      Class:    748.60 KB used.
       Both:      9.59 MB used.

Virtual space:
  Non-class space:       64.00 MB reserved,       9.00 MB ( 14%) committed,  1 nodes.
      Class space:        1.00 GB reserved,     832.00 KB ( <1%) committed,  1 nodes.
             Both:        1.06 GB reserved,       9.81 MB ( <1%) committed. 

Chunk freelists:
   Non-Class:  6.98 MB
       Class:  15.17 MB
        Both:  22.16 MB

MaxMetaspaceSize: unlimited
CompressedClassSpaceSize: 1.00 GB
Initial GC threshold: 21.00 MB
Current GC threshold: 21.00 MB
CDS: off
MetaspaceReclaimPolicy: balanced
 - commit_granule_bytes: 65536.
 - commit_granule_words: 8192.
 - virtual_space_node_default_size: 8388608.
 - enlarge_chunks_in_place: 1.
 - new_chunks_are_fully_committed: 0.
 - uncommit_free_chunks: 1.
 - use_allocation_guard: 0.
 - handle_deallocations: 1.


Internal statistics:

num_allocs_failed_limit: 0.
num_arena_births: 64.
num_arena_deaths: 0.
num_vsnodes_births: 2.
num_vsnodes_deaths: 0.
num_space_committed: 155.
num_space_uncommitted: 0.
num_chunks_returned_to_freelist: 0.
num_chunks_taken_from_freelist: 165.
num_chunk_merges: 0.
num_chunk_splits: 92.
num_chunks_enlarged: 60.
num_inconsistent_stats: 0.

CodeHeap 'non-profiled nmethods': size=119168Kb used=178Kb max_used=178Kb free=118989Kb
 bounds [0x0000029f93880000, 0x0000029f93af0000, 0x0000029f9ace0000]
CodeHeap 'profiled nmethods': size=119104Kb used=1043Kb max_used=1043Kb free=118060Kb
 bounds [0x0000029f8bce0000, 0x0000029f8bf50000, 0x0000029f93130000]
CodeHeap 'non-nmethods': size=7488Kb used=2185Kb max_used=2185Kb free=5302Kb
 bounds [0x0000029f93130000, 0x0000029f933a0000, 0x0000029f93880000]
 total_blobs=1731 nmethods=673 adapters=970
 compilation: enabled
              stopped_count=0, restarted_count=0
 full_count=0

Compilation events (20 events):
Event: 0.315 Thread 0x0000029fb1b9d5d0  664       3       sun.nio.ch.FileChannelImpl::ensureOpen (16 bytes)
Event: 0.315 Thread 0x0000029fb1a20000  665   !   3       sun.nio.ch.NativeThreadSet::add (155 bytes)
Event: 0.315 Thread 0x0000029fb1b9d5d0 nmethod 664 0x0000029f8bde0d10 code [0x0000029f8bde0ec0, 0x0000029f8bde1148]
Event: 0.315 Thread 0x0000029fb1b9d5d0  666   !   3       sun.nio.ch.NativeThreadSet::remove (50 bytes)
Event: 0.315 Thread 0x0000029fb1b9d5d0 nmethod 666 0x0000029f8bde1290 code [0x0000029f8bde1440, 0x0000029f8bde1728]
Event: 0.315 Thread 0x0000029fb1b9d5d0  667       3       java.nio.MappedByteBuffer::limit (6 bytes)
Event: 0.315 Thread 0x0000029fb1a20000 nmethod 665 0x0000029f8bde1890 code [0x0000029f8bde1a60, 0x0000029f8bde2088]
Event: 0.315 Thread 0x0000029fb1a20000  668  s    3       sun.nio.ch.ChannelInputStream::read (77 bytes)
Event: 0.315 Thread 0x0000029fb1b9d5d0 nmethod 667 0x0000029f8bde2310 code [0x0000029f8bde24c0, 0x0000029f8bde26c8]
Event: 0.315 Thread 0x0000029fb1b9d5d0  669       3       sun.nio.ch.FileChannelImpl::beginBlocking (12 bytes)
Event: 0.315 Thread 0x0000029fb1b9d5d0 nmethod 669 0x0000029f8bde2810 code [0x0000029f8bde29c0, 0x0000029f8bde2b28]
Event: 0.315 Thread 0x0000029fb1b9d5d0  670       3       sun.nio.ch.FileChannelImpl::endBlocking (13 bytes)
Event: 0.315 Thread 0x0000029fb1b9d5d0 nmethod 670 0x0000029f8bde2c10 code [0x0000029f8bde2dc0, 0x0000029f8bde2f28]
Event: 0.315 Thread 0x0000029fb1b9d5d0  671       3       sun.nio.ch.ChannelInputStream::read (10 bytes)
Event: 0.315 Thread 0x0000029fb1b9d5d0 nmethod 671 0x0000029f8bde3010 code [0x0000029f8bde31a0, 0x0000029f8bde32e8]
Event: 0.315 Thread 0x0000029fb1b9d5d0  672       3       java.nio.HeapByteBuffer::put (12 bytes)
Event: 0.315 Thread 0x0000029fb1a20000 nmethod 668 0x0000029f8bde3390 code [0x0000029f8bde35c0, 0x0000029f8bde3ec8]
Event: 0.315 Thread 0x0000029fb1b9d5d0 nmethod 672 0x0000029f8bde4190 code [0x0000029f8bde4360, 0x0000029f8bde4788]
Event: 0.317 Thread 0x0000029fb1a20000  673       3       java.lang.StringConcatHelper::newArray (40 bytes)
Event: 0.317 Thread 0x0000029fb1a20000 nmethod 673 0x0000029f8bde4910 code [0x0000029f8bde4ae0, 0x0000029f8bde4e38]

GC Heap History (0 events):
No events

Dll operation events (8 events):
Event: 0.004 Loaded shared library C:\Users\LeeSeonggyu\.p2\pool\plugins\org.eclipse.justj.openjdk.hotspot.jre.full.win32.x86_64_17.0.10.v20240120-1143\jre\bin\java.dll
Event: 0.068 Loaded shared library C:\Users\LeeSeonggyu\.p2\pool\plugins\org.eclipse.justj.openjdk.hotspot.jre.full.win32.x86_64_17.0.10.v20240120-1143\jre\bin\net.dll
Event: 0.069 Loaded shared library C:\Users\LeeSeonggyu\.p2\pool\plugins\org.eclipse.justj.openjdk.hotspot.jre.full.win32.x86_64_17.0.10.v20240120-1143\jre\bin\nio.dll
Event: 0.073 Loaded shared library C:\Users\LeeSeonggyu\.p2\pool\plugins\org.eclipse.justj.openjdk.hotspot.jre.full.win32.x86_64_17.0.10.v20240120-1143\jre\bin\zip.dll
Event: 0.107 Loaded shared library C:\Users\LeeSeonggyu\.p2\pool\plugins\org.eclipse.justj.openjdk.hotspot.jre.full.win32.x86_64_17.0.10.v20240120-1143\jre\bin\jimage.dll
Event: 0.118 Loaded shared library C:\Users\LeeSeonggyu\AppData\Local\Temp\lwjgl_LeeSeonggyu\3.3.4+7\x64\lwjgl.dll
Event: 0.278 Loaded shared library C:\Users\LeeSeonggyu\AppData\Local\Temp\lwjgl_LeeSeonggyu\3.3.4+7\x64\lwjgl_opengl.dll
Event: 0.314 Loaded shared library C:\java_workspace\HelloLWJGLProject\bin\libs\lwjgl_stb.dll

Deoptimization events (6 events):
Event: 0.284 Thread 0x0000029f88623820 DEOPT PACKING pc=0x0000029f8bd03ae7 sp=0x000000f9cb7fe7a0
Event: 0.284 Thread 0x0000029f88623820 DEOPT UNPACKING pc=0x0000029f93187143 sp=0x000000f9cb7fdbc0 mode 0
Event: 0.294 Thread 0x0000029f88623820 Uncommon trap: trap_request=0xffffff54 fr.pc=0x0000029f938a895c relative=0x000000000000005c
Event: 0.294 Thread 0x0000029f88623820 Uncommon trap: reason=speculate_null_assert action=make_not_entrant pc=0x0000029f938a895c method=sun.misc.Unsafe.getLong(Ljava/lang/Object;J)J @ 5 c2
Event: 0.294 Thread 0x0000029f88623820 DEOPT PACKING pc=0x0000029f938a895c sp=0x000000f9cb7ff2b0
Event: 0.294 Thread 0x0000029f88623820 DEOPT UNPACKING pc=0x0000029f931869a3 sp=0x000000f9cb7ff238 mode 2

Classes unloaded (0 events):
No events

Classes redefined (0 events):
No events

Internal exceptions (20 events):
Event: 0.127 Thread 0x0000029f88623820 Exception <a 'java/lang/NoSuchMethodError'{0x0000000622c67bc8}: 'int java.lang.invoke.DirectMethodHandle$Holder.invokeStaticInit(java.lang.Object, java.lang.Object, int, long)'> (0x0000000622c67bc8) 
thrown [s\src\hotspot\share\interpreter\linkResolver.cpp, line 759]
Event: 0.128 Thread 0x0000029f88623820 Exception <a 'java/lang/NoSuchMethodError'{0x0000000622c6d490}: 'java.lang.Object java.lang.invoke.DirectMethodHandle$Holder.newInvokeSpecial(java.lang.Object, java.lang.Object, int)'> (0x0000000622c6d490) 
thrown [s\src\hotspot\share\interpreter\linkResolver.cpp, line 759]
Event: 0.129 Thread 0x0000029f88623820 Exception <a 'java/lang/NoSuchMethodError'{0x0000000622c7c2f8}: 'int java.lang.invoke.DirectMethodHandle$Holder.invokeStaticInit(java.lang.Object, java.lang.Object, long, long)'> (0x0000000622c7c2f8) 
thrown [s\src\hotspot\share\interpreter\linkResolver.cpp, line 759]
Event: 0.129 Thread 0x0000029f88623820 Exception <a 'java/lang/NoSuchMethodError'{0x0000000622c82408}: 'java.lang.Object java.lang.invoke.DirectMethodHandle$Holder.newInvokeSpecial(java.lang.Object, java.lang.Object, long)'> (0x0000000622c82408) 
thrown [s\src\hotspot\share\interpreter\linkResolver.cpp, line 759]
Event: 0.129 Thread 0x0000029f88623820 Exception <a 'java/lang/NoSuchMethodError'{0x0000000622c864b8}: 'java.lang.Object java.lang.invoke.Invokers$Holder.linkToTargetMethod(java.lang.Object, long, java.lang.Object)'> (0x0000000622c864b8) 
thrown [s\src\hotspot\share\interpreter\linkResolver.cpp, line 759]
Event: 0.129 Thread 0x0000029f88623820 Exception <a 'java/lang/NoSuchMethodError'{0x0000000622c8dbd0}: 'int java.lang.invoke.DirectMethodHandle$Holder.invokeStaticInit(java.lang.Object, java.lang.Object, java.lang.Object, long)'> (0x0000000622c8dbd0) 
thrown [s\src\hotspot\share\interpreter\linkResolver.cpp, line 759]
Event: 0.139 Thread 0x0000029f88623820 Exception <a 'sun/nio/fs/WindowsException'{0x0000000622d2a7b0}> (0x0000000622d2a7b0) 
thrown [s\src\hotspot\share\prims\jni.cpp, line 516]
Event: 0.139 Thread 0x0000029f88623820 Exception <a 'sun/nio/fs/WindowsException'{0x0000000622d2ab40}> (0x0000000622d2ab40) 
thrown [s\src\hotspot\share\prims\jni.cpp, line 516]
Event: 0.277 Thread 0x0000029f88623820 Exception <a 'sun/nio/fs/WindowsException'{0x0000000622df25d0}> (0x0000000622df25d0) 
thrown [s\src\hotspot\share\prims\jni.cpp, line 516]
Event: 0.277 Thread 0x0000029f88623820 Exception <a 'sun/nio/fs/WindowsException'{0x0000000622df29a8}> (0x0000000622df29a8) 
thrown [s\src\hotspot\share\prims\jni.cpp, line 516]
Event: 0.280 Thread 0x0000029f88623820 Exception <a 'sun/nio/fs/WindowsException'{0x0000000622dfee90}> (0x0000000622dfee90) 
thrown [s\src\hotspot\share\prims\jni.cpp, line 516]
Event: 0.280 Thread 0x0000029f88623820 Exception <a 'sun/nio/fs/WindowsException'{0x0000000622dff1a0}> (0x0000000622dff1a0) 
thrown [s\src\hotspot\share\prims\jni.cpp, line 516]
Event: 0.313 Thread 0x0000029f88623820 Exception <a 'sun/nio/fs/WindowsException'{0x0000000622f811b8}> (0x0000000622f811b8) 
thrown [s\src\hotspot\share\prims\jni.cpp, line 516]
Event: 0.314 Thread 0x0000029f88623820 Exception <a 'sun/nio/fs/WindowsException'{0x0000000622f81568}> (0x0000000622f81568) 
thrown [s\src\hotspot\share\prims\jni.cpp, line 516]
Event: 0.314 Thread 0x0000029f88623820 Exception <a 'sun/nio/fs/WindowsException'{0x0000000622f82040}> (0x0000000622f82040) 
thrown [s\src\hotspot\share\prims\jni.cpp, line 516]
Event: 0.314 Thread 0x0000029f88623820 Exception <a 'sun/nio/fs/WindowsException'{0x0000000622f82358}> (0x0000000622f82358) 
thrown [s\src\hotspot\share\prims\jni.cpp, line 516]
Event: 0.314 Thread 0x0000029f88623820 Exception <a 'sun/nio/fs/WindowsException'{0x0000000622f83260}> (0x0000000622f83260) 
thrown [s\src\hotspot\share\prims\jni.cpp, line 516]
Event: 0.314 Thread 0x0000029f88623820 Exception <a 'sun/nio/fs/WindowsException'{0x0000000622f83590}> (0x0000000622f83590) 
thrown [s\src\hotspot\share\prims\jni.cpp, line 516]
Event: 0.314 Thread 0x0000029f88623820 Exception <a 'sun/nio/fs/WindowsException'{0x0000000622f84f70}> (0x0000000622f84f70) 
thrown [s\src\hotspot\share\prims\jni.cpp, line 516]
Event: 0.314 Thread 0x0000029f88623820 Exception <a 'sun/nio/fs/WindowsException'{0x0000000622f852a0}> (0x0000000622f852a0) 
thrown [s\src\hotspot\share\prims\jni.cpp, line 516]

VM Operations (2 events):
Event: 0.074 Executing VM operation: HandshakeAllThreads
Event: 0.074 Executing VM operation: HandshakeAllThreads done

Events (20 events):
Event: 0.151 loading class java/lang/constant/DirectMethodHandleDescImpl$1
Event: 0.151 loading class java/lang/constant/DirectMethodHandleDescImpl$1 done
Event: 0.151 loading class java/lang/constant/DirectMethodHandleDesc$1
Event: 0.151 loading class java/lang/constant/DirectMethodHandleDesc$1 done
Event: 0.151 loading class java/lang/constant/PrimitiveClassDescImpl
Event: 0.151 loading class java/lang/constant/DynamicConstantDesc
Event: 0.151 loading class java/lang/constant/DynamicConstantDesc done
Event: 0.151 loading class java/lang/constant/PrimitiveClassDescImpl done
Event: 0.151 loading class java/lang/constant/DynamicConstantDesc$AnonymousDynamicConstantDesc
Event: 0.151 loading class java/lang/constant/DynamicConstantDesc$AnonymousDynamicConstantDesc done
Event: 0.157 loading class jdk/internal/reflect/UnsafeQualifiedStaticIntegerFieldAccessorImpl
Event: 0.157 loading class jdk/internal/reflect/UnsafeQualifiedStaticIntegerFieldAccessorImpl done
Event: 0.157 Thread 0x0000029fb63c3d80 Thread added: 0x0000029fb63c3d80
Event: 0.275 Thread 0x0000029fb63c3d80 Thread exited: 0x0000029fb63c3d80
Event: 0.294 loading class java/util/function/IntFunction
Event: 0.294 loading class java/util/function/IntFunction done
Event: 0.295 loading class jdk/internal/misc/ScopedMemoryAccess$Scope
Event: 0.296 loading class jdk/internal/misc/ScopedMemoryAccess$Scope done
Event: 0.310 loading class java/lang/invoke/MethodHandleImpl$AsVarargsCollector
Event: 0.310 loading class java/lang/invoke/MethodHandleImpl$AsVarargsCollector done


Dynamic libraries:
0x00007ff78e4d0000 - 0x00007ff78e4de000 	C:\Users\LeeSeonggyu\.p2\pool\plugins\org.eclipse.justj.openjdk.hotspot.jre.full.win32.x86_64_17.0.10.v20240120-1143\jre\bin\javaw.exe
0x00007ffb3c110000 - 0x00007ffb3c327000 	C:\WINDOWS\SYSTEM32\ntdll.dll
0x00007ffb3af80000 - 0x00007ffb3b044000 	C:\WINDOWS\System32\KERNEL32.DLL
0x00007ffb39530000 - 0x00007ffb398e9000 	C:\WINDOWS\System32\KERNELBASE.dll
0x00007ffb399b0000 - 0x00007ffb39ac1000 	C:\WINDOWS\System32\ucrtbase.dll
0x00007ffb331b0000 - 0x00007ffb331cb000 	C:\Users\LeeSeonggyu\.p2\pool\plugins\org.eclipse.justj.openjdk.hotspot.jre.full.win32.x86_64_17.0.10.v20240120-1143\jre\bin\VCRUNTIME140.dll
0x00007ffb33130000 - 0x00007ffb33147000 	C:\Users\LeeSeonggyu\.p2\pool\plugins\org.eclipse.justj.openjdk.hotspot.jre.full.win32.x86_64_17.0.10.v20240120-1143\jre\bin\jli.dll
0x00007ffb3b790000 - 0x00007ffb3b93e000 	C:\WINDOWS\System32\USER32.dll
0x00007ffb39ad0000 - 0x00007ffb39af6000 	C:\WINDOWS\System32\win32u.dll
0x00007ffb2b180000 - 0x00007ffb2b412000 	C:\WINDOWS\WinSxS\amd64_microsoft.windows.common-controls_6595b64144ccf1df_6.0.22621.4391_none_2715d37f73803e96\COMCTL32.dll
0x00007ffb3ab30000 - 0x00007ffb3ab59000 	C:\WINDOWS\System32\GDI32.dll
0x00007ffb39c70000 - 0x00007ffb39d8b000 	C:\WINDOWS\System32\gdi32full.dll
0x00007ffb39fe0000 - 0x00007ffb3a087000 	C:\WINDOWS\System32\msvcrt.dll
0x00007ffb39410000 - 0x00007ffb394aa000 	C:\WINDOWS\System32\msvcp_win.dll
0x00007ffb3ae60000 - 0x00007ffb3ae91000 	C:\WINDOWS\System32\IMM32.DLL
0x00007ffb344e0000 - 0x00007ffb344ec000 	C:\Users\LeeSeonggyu\.p2\pool\plugins\org.eclipse.justj.openjdk.hotspot.jre.full.win32.x86_64_17.0.10.v20240120-1143\jre\bin\vcruntime140_1.dll
0x00007ffb15860000 - 0x00007ffb158ed000 	C:\Users\LeeSeonggyu\.p2\pool\plugins\org.eclipse.justj.openjdk.hotspot.jre.full.win32.x86_64_17.0.10.v20240120-1143\jre\bin\msvcp140.dll
0x00007ffa690b0000 - 0x00007ffa69d12000 	C:\Users\LeeSeonggyu\.p2\pool\plugins\org.eclipse.justj.openjdk.hotspot.jre.full.win32.x86_64_17.0.10.v20240120-1143\jre\bin\server\jvm.dll
0x00007ffb3bff0000 - 0x00007ffb3c0a2000 	C:\WINDOWS\System32\ADVAPI32.dll
0x00007ffb3b130000 - 0x00007ffb3b1d7000 	C:\WINDOWS\System32\sechost.dll
0x00007ffb39e00000 - 0x00007ffb39e28000 	C:\WINDOWS\System32\bcrypt.dll
0x00007ffb3a090000 - 0x00007ffb3a1a4000 	C:\WINDOWS\System32\RPCRT4.dll
0x00007ffb382a0000 - 0x00007ffb382ed000 	C:\WINDOWS\SYSTEM32\POWRPROF.dll
0x00007ffb33170000 - 0x00007ffb33179000 	C:\WINDOWS\SYSTEM32\WSOCK32.dll
0x00007ffb30f20000 - 0x00007ffb30f2a000 	C:\WINDOWS\SYSTEM32\VERSION.dll
0x00007ffb2f090000 - 0x00007ffb2f0c4000 	C:\WINDOWS\SYSTEM32\WINMM.dll
0x00007ffb3aea0000 - 0x00007ffb3af11000 	C:\WINDOWS\System32\WS2_32.dll
0x00007ffb38280000 - 0x00007ffb38293000 	C:\WINDOWS\SYSTEM32\UMPDC.dll
0x00007ffb384a0000 - 0x00007ffb384b8000 	C:\WINDOWS\SYSTEM32\kernel.appcore.dll
0x00007ffb2a510000 - 0x00007ffb2a51a000 	C:\Users\LeeSeonggyu\.p2\pool\plugins\org.eclipse.justj.openjdk.hotspot.jre.full.win32.x86_64_17.0.10.v20240120-1143\jre\bin\jimage.dll
0x00007ffb36530000 - 0x00007ffb36762000 	C:\WINDOWS\SYSTEM32\DBGHELP.DLL
0x00007ffb3b1e0000 - 0x00007ffb3b56f000 	C:\WINDOWS\System32\combase.dll
0x00007ffb3b050000 - 0x00007ffb3b127000 	C:\WINDOWS\System32\OLEAUT32.dll
0x00007ffb2a600000 - 0x00007ffb2a632000 	C:\WINDOWS\SYSTEM32\dbgcore.DLL
0x00007ffb394b0000 - 0x00007ffb3952b000 	C:\WINDOWS\System32\bcryptPrimitives.dll
0x00007ffafed90000 - 0x00007ffafedb5000 	C:\Users\LeeSeonggyu\.p2\pool\plugins\org.eclipse.justj.openjdk.hotspot.jre.full.win32.x86_64_17.0.10.v20240120-1143\jre\bin\java.dll
0x00007ffb11c10000 - 0x00007ffb11c28000 	C:\Users\LeeSeonggyu\.p2\pool\plugins\org.eclipse.justj.openjdk.hotspot.jre.full.win32.x86_64_17.0.10.v20240120-1143\jre\bin\zip.dll
0x00007ffb3a2b0000 - 0x00007ffb3ab26000 	C:\WINDOWS\System32\SHELL32.dll
0x00007ffb37360000 - 0x00007ffb37c63000 	C:\WINDOWS\SYSTEM32\windows.storage.dll
0x00007ffb37220000 - 0x00007ffb3735f000 	C:\WINDOWS\SYSTEM32\wintypes.dll
0x00007ffb3aca0000 - 0x00007ffb3ad99000 	C:\WINDOWS\System32\SHCORE.dll
0x00007ffb3b570000 - 0x00007ffb3b5ce000 	C:\WINDOWS\System32\shlwapi.dll
0x00007ffb39340000 - 0x00007ffb3936b000 	C:\WINDOWS\SYSTEM32\profapi.dll
0x00007ffb021b0000 - 0x00007ffb021c9000 	C:\Users\LeeSeonggyu\.p2\pool\plugins\org.eclipse.justj.openjdk.hotspot.jre.full.win32.x86_64_17.0.10.v20240120-1143\jre\bin\net.dll
0x00007ffb339a0000 - 0x00007ffb33ad6000 	C:\WINDOWS\SYSTEM32\WINHTTP.dll
0x00007ffb389c0000 - 0x00007ffb38a29000 	C:\WINDOWS\system32\mswsock.dll
0x00007ffafe980000 - 0x00007ffafe996000 	C:\Users\LeeSeonggyu\.p2\pool\plugins\org.eclipse.justj.openjdk.hotspot.jre.full.win32.x86_64_17.0.10.v20240120-1143\jre\bin\nio.dll
0x00007ffb0e5a0000 - 0x00007ffb0e61b000 	C:\Users\LeeSeonggyu\AppData\Local\Temp\lwjgl_LeeSeonggyu\3.3.4+7\x64\lwjgl.dll
0x00007ffb0e510000 - 0x00007ffb0e595000 	C:\Users\LEESEO~1\AppData\Local\Temp\lwjgl_LeeSeonggyu\3.3.4+7\x64\glfw.dll
0x00007ffb20450000 - 0x00007ffb20496000 	C:\WINDOWS\SYSTEM32\dinput8.dll
0x00007ffae56e0000 - 0x00007ffae56f1000 	C:\WINDOWS\SYSTEM32\xinput1_4.dll
0x00007ffb39100000 - 0x00007ffb3914e000 	C:\WINDOWS\SYSTEM32\cfgmgr32.dll
0x00007ffb390d0000 - 0x00007ffb390fc000 	C:\WINDOWS\SYSTEM32\DEVOBJ.dll
0x00007ffb35b70000 - 0x00007ffb35b9b000 	C:\WINDOWS\SYSTEM32\dwmapi.dll
0x00007ffb21060000 - 0x00007ffb21273000 	C:\WINDOWS\SYSTEM32\inputhost.dll
0x00007ffb33f00000 - 0x00007ffb34033000 	C:\WINDOWS\SYSTEM32\CoreMessaging.dll
0x00007ffb35a20000 - 0x00007ffb35ad1000 	C:\WINDOWS\system32\uxtheme.dll
0x00007ffb38c30000 - 0x00007ffb38c3c000 	C:\WINDOWS\SYSTEM32\CRYPTBASE.DLL
0x00007ffb3be70000 - 0x00007ffb3bfd0000 	C:\WINDOWS\System32\MSCTF.dll
0x00007ffb19e10000 - 0x00007ffb19eac000 	C:\WINDOWS\system32\IMGSF50Filter_x64.dll
0x00007ffb39e30000 - 0x00007ffb39fd5000 	C:\WINDOWS\System32\ole32.dll
0x00007ffb3be60000 - 0x00007ffb3be68000 	C:\WINDOWS\System32\PSAPI.DLL
0x00007ffb195b0000 - 0x00007ffb196b0000 	C:\WINDOWS\SYSTEM32\Opengl32.dll
0x00007ffb19de0000 - 0x00007ffb19e0d000 	C:\WINDOWS\SYSTEM32\GLU32.dll
0x00007ffb36b60000 - 0x00007ffb36b97000 	C:\WINDOWS\SYSTEM32\dxcore.dll
0x00007ffb3ab60000 - 0x00007ffb3ac10000 	C:\WINDOWS\System32\clbcatq.dll
0x00007ffae6f70000 - 0x00007ffae9558000 	C:\WINDOWS\System32\DriverStore\FileRepository\nv_dispig.inf_amd64_0afec3f2050014a0\nvoglv64.dll
0x00007ffb3b960000 - 0x00007ffb3bdd4000 	C:\WINDOWS\System32\SETUPAPI.dll
0x00007ffb382f0000 - 0x00007ffb38304000 	C:\WINDOWS\SYSTEM32\WTSAPI32.dll
0x00007ffb390b0000 - 0x00007ffb390c2000 	C:\WINDOWS\SYSTEM32\msasn1.dll
0x00007ffb2f980000 - 0x00007ffb2f9b2000 	C:\WINDOWS\SYSTEM32\cryptnet.dll
0x00007ffb39b00000 - 0x00007ffb39c66000 	C:\WINDOWS\System32\CRYPT32.dll
0x00007ffb38cc0000 - 0x00007ffb38d09000 	C:\WINDOWS\SYSTEM32\wldp.dll
0x00007ffb2f810000 - 0x00007ffb2f972000 	C:\WINDOWS\SYSTEM32\drvstore.dll
0x00007ffb39d90000 - 0x00007ffb39dfc000 	C:\WINDOWS\System32\WINTRUST.dll
0x00007ffb38650000 - 0x00007ffb38684000 	C:\WINDOWS\SYSTEM32\ntmarta.dll
0x00007ffb3bfd0000 - 0x00007ffb3bfef000 	C:\WINDOWS\System32\imagehlp.dll
0x00007ffb38c10000 - 0x00007ffb38c2b000 	C:\WINDOWS\SYSTEM32\CRYPTSP.dll
0x00007ffb384c0000 - 0x00007ffb384f5000 	C:\WINDOWS\system32\rsaenh.dll
0x00007ffb2ce50000 - 0x00007ffb2ee3e000 	C:\WINDOWS\System32\DriverStore\FileRepository\nv_dispig.inf_amd64_0afec3f2050014a0\nvgpucomp64.dll
0x00007ffaf6410000 - 0x00007ffaf66e1000 	C:\WINDOWS\system32\nvspcap64.dll
0x00007ffb37ec0000 - 0x00007ffb37f26000 	C:\WINDOWS\SYSTEM32\WINSTA.dll
0x00007ffb28990000 - 0x00007ffb28ad5000 	C:\WINDOWS\SYSTEM32\textinputframework.dll
0x00007ffb31ae0000 - 0x00007ffb31e4d000 	C:\WINDOWS\SYSTEM32\CoreUIComponents.dll
0x00007ffb157f0000 - 0x00007ffb15851000 	C:\Users\LeeSeonggyu\AppData\Local\Temp\lwjgl_LeeSeonggyu\3.3.4+7\x64\lwjgl_opengl.dll
0x00007ffa9c3f0000 - 0x00007ffa9c490000 	C:\java_workspace\HelloLWJGLProject\bin\libs\lwjgl_stb.dll

dbghelp: loaded successfully - version: 4.0.5 - missing functions: none
symbol engine: initialized successfully - sym options: 0x614 - pdb path: .;C:\Users\LeeSeonggyu\.p2\pool\plugins\org.eclipse.justj.openjdk.hotspot.jre.full.win32.x86_64_17.0.10.v20240120-1143\jre\bin;C:\WINDOWS\SYSTEM32;C:\WINDOWS\WinSxS\amd64_microsoft.windows.common-controls_6595b64144ccf1df_6.0.22621.4391_none_2715d37f73803e96;C:\Users\LeeSeonggyu\.p2\pool\plugins\org.eclipse.justj.openjdk.hotspot.jre.full.win32.x86_64_17.0.10.v20240120-1143\jre\bin\server;C:\Users\LeeSeonggyu\AppData\Local\Temp\lwjgl_LeeSeonggyu\3.3.4+7\x64;C:\Users\LEESEO~1\AppData\Local\Temp\lwjgl_LeeSeonggyu\3.3.4+7\x64;C:\WINDOWS\System32\DriverStore\FileRepository\nv_dispig.inf_amd64_0afec3f2050014a0;C:\java_workspace\HelloLWJGLProject\bin\libs

VM Arguments:
jvm_args: -Djava.library.path=C:/java_workspace/HelloLWJGLProject/bin/libs -Dfile.encoding=UTF-8 -Dstdout.encoding=UTF-8 -Dstderr.encoding=UTF-8 -XX:+ShowCodeDetailsInExceptionMessages 
java_command: ShootingGame
java_class_path (initial): C:\java_workspace\HelloLWJGLProject\bin;C:\java_workspace\HelloLWJGLProject\bin\libs\lwjgl.jar;C:\java_workspace\HelloLWJGLProject\bin\libs\lwjgl-glfw.jar;C:\java_workspace\HelloLWJGLProject\bin\libs\lwjgl-natives-windows.jar;C:\java_workspace\HelloLWJGLProject\bin\libs\lwjgl-opengl.jar;C:\java_workspace\HelloLWJGLProject\bin\libs\lwjgl-stb.jar
Launcher Type: SUN_STANDARD

[Global flags]
     intx CICompilerCount                          = 12                                        {product} {ergonomic}
     uint ConcGCThreads                            = 4                                         {product} {ergonomic}
     uint G1ConcRefinementThreads                  = 15                                        {product} {ergonomic}
   size_t G1HeapRegionSize                         = 4194304                                   {product} {ergonomic}
    uintx GCDrainStackTargetSize                   = 64                                        {product} {ergonomic}
   size_t InitialHeapSize                          = 536870912                                 {product} {ergonomic}
   size_t MarkStackSize                            = 4194304                                   {product} {ergonomic}
   size_t MaxHeapSize                              = 8535408640                                {product} {ergonomic}
   size_t MaxNewSize                               = 5121245184                                {product} {ergonomic}
   size_t MinHeapDeltaBytes                        = 4194304                                   {product} {ergonomic}
   size_t MinHeapSize                              = 8388608                                   {product} {ergonomic}
    uintx NonNMethodCodeHeapSize                   = 7602480                                {pd product} {ergonomic}
    uintx NonProfiledCodeHeapSize                  = 122027880                              {pd product} {ergonomic}
    uintx ProfiledCodeHeapSize                     = 122027880                              {pd product} {ergonomic}
    uintx ReservedCodeCacheSize                    = 251658240                              {pd product} {ergonomic}
     bool SegmentedCodeCache                       = true                                      {product} {ergonomic}
     bool ShowCodeDetailsInExceptionMessages       = true                                   {manageable} {command line}
   size_t SoftMaxHeapSize                          = 8535408640                             {manageable} {ergonomic}
     bool UseCompressedClassPointers               = true                           {product lp64_product} {ergonomic}
     bool UseCompressedOops                        = true                           {product lp64_product} {ergonomic}
     bool UseG1GC                                  = true                                      {product} {ergonomic}
     bool UseLargePagesIndividualAllocation        = false                                  {pd product} {ergonomic}

Logging:
Log output configuration:
 #0: stdout all=warning uptime,level,tags
 #1: stderr all=off uptime,level,tags

Environment Variables:
PATH=C:/Users/LeeSeonggyu/.p2/pool/plugins/org.eclipse.justj.openjdk.hotspot.jre.full.win32.x86_64_17.0.10.v20240120-1143/jre/bin/server;C:/Users/LeeSeonggyu/.p2/pool/plugins/org.eclipse.justj.openjdk.hotspot.jre.full.win32.x86_64_17.0.10.v20240120-1143/jre/bin;C:\Program Files\Common Files\Oracle\Java\javapath;C:\WINDOWS\system32;C:\WINDOWS;C:\WINDOWS\System32\Wbem;C:\WINDOWS\System32\WindowsPowerShell\v1.0\;C:\WINDOWS\System32\OpenSSH\;C:\Program Files (x86)\NVIDIA Corporation\PhysX\Common;C:\Program Files\NVIDIA Corporation\NVIDIA NvDLISR;C:\Program Files\Git\cmd;C:\Apache24\bin;C:\Users\LeeSeonggyu\AppData\Local\Microsoft\WindowsApps;;C:\Users\LeeSeonggyu\AppData\Local\afreeca;C:\Users\LeeSeonggyu\AppData\Local\Programs\Microsoft VS Code\bin;C:\WINDOWS\system32;
USERNAME=LeeSeonggyu
OS=Windows_NT
PROCESSOR_IDENTIFIER=Intel64 Family 6 Model 151 Stepping 2, GenuineIntel
TMP=C:\Users\LEESEO~1\AppData\Local\Temp
TEMP=C:\Users\LEESEO~1\AppData\Local\Temp



Periodic native trim disabled


---------------  S Y S T E M  ---------------

OS:
 Windows 11 , 64 bit Build 22621 (10.0.22621.4391)
OS uptime: 0 days 10:54 hours

CPU: total 20 (initial active 20) (10 cores per cpu, 2 threads per core) family 6 model 151 stepping 2 microcode 0x28, cx8, cmov, fxsr, ht, mmx, 3dnowpref, sse, sse2, sse3, ssse3, sse4.1, sse4.2, popcnt, lzcnt, tsc, tscinvbit, avx, avx2, aes, erms, clmul, bmi1, bmi2, adx, sha, fma, vzeroupper, clflush, clflushopt, clwb
Processor Information for all 20 processors :
  Max Mhz: 3600, Current Mhz: 3600, Mhz Limit: 3600

Memory: 4k page, system-wide physical 32555M (15285M free)
TotalPageFile size 43307M (AvailPageFile size 15279M)
current process WorkingSet (physical memory assigned to process): 100M, peak: 100M
current process commit charge ("private bytes"): 729M, peak: 729M

vm_info: OpenJDK 64-Bit Server VM (17.0.10+7) for windows-amd64 JRE (17.0.10+7), built on Jan 16 2024 23:25:11 by "admin" with MS VC++ 16.10 / 16.11 (VS2019)

END.
